Using dev certificate for HTTPS
Listening on https://localhost:7004/
Open in your browser
Press Ctrl+C to stop
[SRV] TLS← #1: 1751B | 16 03 01 06 D2 01 00 06 CE 03 03 CF 8B F7 70 34 A7 5B CD E8 8D E8 33 E1 3F BB D4 91 DD 2C A1 B9 92 88 DB 3B A4 D8 C1 BD F9 A6 07 20 C0 62 6E 0B B1 82
[SRV] TLS← #1: 1783B | 16 03 01 06 F2 01 00 06 EE 03 03 52 E5 63 8F 6B FB D6 DE D8 2C 9D 14 2B E8 39 47 B5 3D 66 0D AD 80 7E 63 2A FA 18 A2 48 0E 3F F8 20 B6 AA 3A 42 DB C6
[SRV] TLS→ #1: 1250B | 16 03 03 00 7A 02 00 00 76 03 03 8E 1E 0D EB 40 13 AE 7C 6D FB 6F 34 36 C4 14 52 2F 0A 3F BE 11 AC EA FE 2D 4F 03 9D 31 06 89 B9 20 B6 AA 3A 42 DB C6
[SRV] TLS→ #1: 1250B | 16 03 03 00 7A 02 00 00 76 03 03 A6 BC BA 56 E5 FF 32 36 FB 32 ED F9 9C 18 FA A6 06 DE 42 A1 3C AF AD 3D E5 94 37 43 FE 06 B6 DA 20 C0 62 6E 0B B1 82
[SRV] TLS← #1: 1815B | 16 03 01 07 12 01 00 07 0E 03 03 AF CC AD 0B 83 A1 EE 9B 14 59 B4 11 5A 28 E8 D4 99 66 08 83 D1 AE C0 F2 DA DD F0 19 6D B7 DA D9 20 28 EC 33 A1 6F 97
[SRV] TLS→ #1: 1250B | 16 03 03 00 7A 02 00 00 76 03 03 AF 8D FE 22 78 DB 67 C6 44 9B C5 8E 2D 79 19 A3 E7 6C 7B DB 79 F4 5E 4C 67 76 34 76 2B 2C A7 09 20 28 EC 33 A1 6F 97
[SRV] TLS← #2: 683B | 14 03 03 00 01 01 17 03 03 00 45 ED 68 5E EE 78 E8 38 56 89 95 12 7F D2 3B 0B 48 BF A5 A1 FB F8 C4 2C 82 5C 6A E5 76 0B CE FA D6 16 A3 2F 3D 93 D1 8D
[SRV] TLS→ #2: 103B | 17 03 03 00 62 60 15 9C B2 A1 C9 AC FA 04 C2 C2 D6 9C B8 95 38 5E 78 B6 9B 3A 10 DF F8 FF C2 9D 14 B4 92 68 97 2B 4E EC 13 54 AA D2 0F F1 9E BF A4 64
[2026-06-21 21:36:03.076] DEBUG     [E10] [PicoWeb.Sample] Operation tcp.tls failed: TlsFailed
EXCEPTION: System.IO.IOException: Received an unexpected EOF or 0 bytes from the transport stream.
   at System.Net.Security.SslStream.ReceiveHandshakeFrameAsync[TIOAdapter](CancellationToken cancellationToken)
   at System.Net.Security.SslStream.ForceAuthenticationAsync[TIOAdapter](Boolean receiveFirst, Byte[] reAuthenticationData, CancellationToken cancellationToken)
   at PicoNode.TcpNode.NegotiateTlsAsync(Socket socket) in D:\MyProjects\PicoHex\PicoNode\src\PicoNode\TcpNode.cs:line 397
[2026-06-21 21:36:03.076] DEBUG     [E10] [PicoWeb.Sample] Operation tcp.tls failed: TlsFailed
EXCEPTION: System.IO.IOException: Received an unexpected EOF or 0 bytes from the transport stream.
   at System.Net.Security.SslStream.ReceiveHandshakeFrameAsync[TIOAdapter](CancellationToken cancellationToken)
   at System.Net.Security.SslStream.ForceAuthenticationAsync[TIOAdapter](Boolean receiveFirst, Byte[] reAuthenticationData, CancellationToken cancellationToken)
   at PicoNode.TcpNode.NegotiateTlsAsync(Socket socket) in D:\MyProjects\PicoHex\PicoNode\src\PicoNode\TcpNode.cs:line 397
[2026-06-21 21:36:03.081] DEBUG     [PicoWeb.Sample] Socket shutdown during TLS teardown failed
EXCEPTION: System.Net.Sockets.SocketException (10054): An existing connection was forcibly closed by the remote host.
   at System.Net.Sockets.Socket.UpdateStatusAfterSocketErrorAndThrowException(SocketError error, Boolean disconnectOnFailure, String callerName)
   at System.Net.Sockets.Socket.Shutdown(SocketShutdown how)
   at PicoNode.TcpNode.NegotiateTlsAsync(Socket socket) in D:\MyProjects\PicoHex\PicoNode\src\PicoNode\TcpNode.cs:line 415
[2026-06-21 21:36:03.081] DEBUG     [PicoWeb.Sample] Socket shutdown during TLS teardown failed
EXCEPTION: System.Net.Sockets.SocketException (10054): An existing connection was forcibly closed by the remote host.
   at System.Net.Sockets.Socket.UpdateStatusAfterSocketErrorAndThrowException(SocketError error, Boolean disconnectOnFailure, String callerName)
   at System.Net.Sockets.Socket.Shutdown(SocketShutdown how)
   at PicoNode.TcpNode.NegotiateTlsAsync(Socket socket) in D:\MyProjects\PicoHex\PicoNode\src\PicoNode\TcpNode.cs:line 415
[2026-06-21 21:36:03.085] DEBUG     [PicoWeb.Sample] [TLS] SRV done: Tls13 ALPN=h2
[SRV] TLS→ #3: 49B | 17 03 03 00 2C 82 24 E4 32 1F 05 E6 91 B0 72 EF 8A A0 F9 19 05 3A 6A 01 46 E1 3B 39 65 75 F4 DD 62 79 02 C6 3E 5E A2 89 F0 A2 A8 89 0B C4 6F 08 0C
[SRV] TLS← #3: 31B | 17 03 03 00 1A D4 B2 83 0F 30 C5 A9 51 90 3A F6 92 C5 BD 48 EA 5C B5 5D D0 8B 44 F3 77 B4 38
[H2-TRACE] sendInit=False len=535
[2026-06-21 21:36:03.122] DEBUG     [PicoWeb.Sample] [H2] Parsing frames, sendInitialSettings=False, bufferLen=535
[2026-06-21 21:36:03.125] DEBUG     [PicoWeb.Sample] [H2] <- frame Type=Settings StreamId=0 Length=24 Flags=None
[SRV] TLS→ #4: 31B | 17 03 03 00 1A 31 8C C8 34 C3 E8 9C 3F DC C7 CB 07 56 54 36 A7 93 F7 B3 C1 9F ED 8A 0E 31 6F
[2026-06-21 21:36:03.131] DEBUG     [PicoWeb.Sample] [H2] <- frame Type=WindowUpdate StreamId=0 Length=4 Flags=None
[2026-06-21 21:36:03.133] DEBUG     [PicoWeb.Sample] [H2] <- frame Type=Headers StreamId=1 Length=480 Flags=EndStream, EndHeaders, Priority
[2026-06-21 21:36:03.164] DEBUG     [PicoWeb.Sample] GET /api/health -> 200 (10ms)
[SRV] TLS→ #5: 56B | 17 03 03 00 33 8D 80 BA B4 A9 E8 F7 40 BA CF 59 85 04 9F DC 88 9C EA 4D 44 32 AE 4E 0C 2B 4D 71 EF EB E4 97 74 25 B6 2F BA 6B 6D 4A B7 B5 7D C2 CD C8
[SRV] TLS→ #6: 46B | 17 03 03 00 29 CA 18 98 09 53 0F 16 1F BD 21 8A 1A 2A 35 06 79 3F BA 1D 83 EF 3C 17 6D C1 75 D0 B0 1D 5A 43 D3 CE 0F C6 2F 27 F2 A3 56 C1
[H2-TRACE] sendInit=False len=9
[2026-06-21 21:36:03.178] DEBUG     [PicoWeb.Sample] [H2] Parsing frames, sendInitialSettings=False, bufferLen=9
[2026-06-21 21:36:03.178] DEBUG     [PicoWeb.Sample] [H2] <- frame Type=Settings StreamId=0 Length=0 Flags=EndStream
[SRV] TLS← #4: 166B | 17 03 03 00 A1 DA 9D 21 6A 5D 77 83 DD F1 D6 F8 0E 7A 53 E0 2F 9F C3 DA 2D 49 F0 80 A1 93 54 41 E9 98 03 46 3D 67 90 2B EB E6 F4 A1 FE EA 74 0B CF 26
[H2-TRACE] sendInit=False len=144
[2026-06-21 21:36:03.213] DEBUG     [PicoWeb.Sample] [H2] Parsing frames, sendInitialSettings=False, bufferLen=144
[2026-06-21 21:36:03.213] DEBUG     [PicoWeb.Sample] [H2] <- frame Type=Headers StreamId=3 Length=135 Flags=EndStream, EndHeaders, Priority
[2026-06-21 21:36:03.217] DEBUG     [PicoWeb.Sample] GET /favicon.ico -> 404 (2ms)
[SRV] TLS→ #7: 52B | 17 03 03 00 2F 42 8A 6E 59 9E 23 67 B2 BD 6E 94 28 EB 5B 0C 23 EA B0 E1 83 C9 DD 9D 67 EA 01 EF 00 64 3F BC 43 41 CD 32 DB DD D7 1C C1 E8 0F 91 A6 6A
[SRV] TLS→ #8: 63B | 17 03 03 00 3A 3C 43 6A 4A 9D 18 60 6C 6C 54 D2 DF 2B A3 A0 69 B0 9C 4B 9B D5 D0 57 8D 91 B4 57 DD 7C DD 4A BA A3 26 B8 9D B7 AF 75 62 25 28 0D 40 80
